This is pdfTeX, Version 3.14159265-2.6-1.40.17 (MiKTeX 2.9.6100 64-bit) (preloaded format=pdflatex 2017.1.11)  27 JUN 2020 18:54
entering extended mode
**C:/Users/sunarn/Dropbox/RESEARCH/SolarProject/Draft/solarproject_draft/Draft_
June27_Nur_MS_regular.tex

(C:/Users/sunarn/Dropbox/RESEARCH/SolarProject/Draft/solarproject_draft/Draft_J
une27_Nur_MS_regular.tex
LaTeX2e <2016/03/31> patch level 3
Babel <3.9r> and hyphenation patterns for 75 language(s) loaded.
(informs3.cls
Document Class: informs3 2012/08/09 v0.95 LaTeX document class for articles sub
mitted to INFORMS
("C:\Program Files\MiKTeX 2.9\tex\latex\amsmath\amsmath.sty"
Package: amsmath 2016/06/28 v2.15d AMS math features
\@mathmargin=\skip41

For additional information on amsmath, use the `?' option.
("C:\Program Files\MiKTeX 2.9\tex\latex\amsmath\amstext.sty"
Package: amstext 2000/06/29 v2.01 AMS text

("C:\Program Files\MiKTeX 2.9\tex\latex\amsmath\amsgen.sty"
File: amsgen.sty 1999/11/30 v2.0 generic functions
\@emptytoks=\toks14
\ex@=\dimen102
))
("C:\Program Files\MiKTeX 2.9\tex\latex\amsmath\amsbsy.sty"
Package: amsbsy 1999/11/29 v1.2d Bold Symbols
\pmbraise@=\dimen103
)
("C:\Program Files\MiKTeX 2.9\tex\latex\amsmath\amsopn.sty"
Package: amsopn 2016/03/08 v2.02 operator names
)
\inf@bad=\count79
LaTeX Info: Redefining \frac on input line 199.
\uproot@=\count80
\leftroot@=\count81
LaTeX Info: Redefining \overline on input line 297.
\classnum@=\count82
\DOTSCASE@=\count83
LaTeX Info: Redefining \ldots on input line 394.
LaTeX Info: Redefining \dots on input line 397.
LaTeX Info: Redefining \cdots on input line 518.
\Mathstrutbox@=\box26
\strutbox@=\box27
\big@size=\dimen104
LaTeX Font Info:    Redeclaring font encoding OML on input line 634.
LaTeX Font Info:    Redeclaring font encoding OMS on input line 635.
\macc@depth=\count84
\c@MaxMatrixCols=\count85
\dotsspace@=\muskip10
\c@parentequation=\count86
\dspbrk@lvl=\count87
\tag@help=\toks15
\row@=\count88
\column@=\count89
\maxfields@=\count90
\andhelp@=\toks16
\eqnshift@=\dimen105
\alignsep@=\dimen106
\tagshift@=\dimen107
\tagwidth@=\dimen108
\totwidth@=\dimen109
\lineht@=\dimen110
\@envbody=\toks17
\multlinegap=\skip42
\multlinetaggap=\skip43
\mathdisplay@stack=\toks18
LaTeX Info: Redefining \[ on input line 2739.
LaTeX Info: Redefining \] on input line 2740.
)
("C:\Program Files\MiKTeX 2.9\tex\latex\amsfonts\amssymb.sty"
Package: amssymb 2013/01/14 v3.01 AMS font symbols

("C:\Program Files\MiKTeX 2.9\tex\latex\amsfonts\amsfonts.sty"
Package: amsfonts 2013/01/14 v3.01 Basic AMSFonts support
\symAMSa=\mathgroup4
\symAMSb=\mathgroup5
LaTeX Font Info:    Overwriting math alphabet `\mathfrak' in version `bold'
(Font)                  U/euf/m/n --> U/euf/b/n on input line 106.
))
("C:\Program Files\MiKTeX 2.9\tex\latex\base\ifthen.sty"
Package: ifthen 2014/09/29 v1.1c Standard LaTeX ifthen package (DPC)
)
("C:\Program Files\MiKTeX 2.9\tex\latex\url\url.sty"
\Urlmuskip=\muskip11
Package: url 2013/09/16  ver 3.4  Verb mode for urls, etc.
)
("C:\Program Files\MiKTeX 2.9\tex\latex\graphics\graphicx.sty"
Package: graphicx 2014/10/28 v1.0g Enhanced LaTeX Graphics (DPC,SPQR)

("C:\Program Files\MiKTeX 2.9\tex\latex\graphics\keyval.sty"
Package: keyval 2014/10/28 v1.15 key=value parser (DPC)
\KV@toks@=\toks19
)
("C:\Program Files\MiKTeX 2.9\tex\latex\graphics\graphics.sty"
Package: graphics 2016/07/10 v1.0t Standard LaTeX Graphics (DPC,SPQR)

("C:\Program Files\MiKTeX 2.9\tex\latex\graphics\trig.sty"
Package: trig 2016/01/03 v1.10 sin cos tan (DPC)
)
("C:\Program Files\MiKTeX 2.9\tex\latex\graphics-cfg\graphics.cfg"
File: graphics.cfg 2016/06/04 v1.11 sample graphics configuration
)
Package graphics Info: Driver file: pdftex.def on input line 99.

("C:\Program Files\MiKTeX 2.9\tex\latex\graphics-def\pdftex.def"
File: pdftex.def 2016/07/10 v0.06j Graphics/color for pdfTeX

("C:\Program Files\MiKTeX 2.9\tex\generic\oberdiek\infwarerr.sty"
Package: infwarerr 2016/05/16 v1.4 Providing info/warning/error messages (HO)
)
("C:\Program Files\MiKTeX 2.9\tex\generic\oberdiek\ltxcmds.sty"
Package: ltxcmds 2016/05/16 v1.23 LaTeX kernel commands for general use (HO)
)
\Gread@gobject=\count91
))
\Gin@req@height=\dimen111
\Gin@req@width=\dimen112
)
("C:\Program Files\MiKTeX 2.9\tex\latex\graphics\color.sty"
Package: color 2016/07/10 v1.1e Standard LaTeX Color (DPC)

("C:\Program Files\MiKTeX 2.9\tex\latex\graphics-cfg\color.cfg"
File: color.cfg 2016/01/02 v1.6 sample color configuration
)
Package color Info: Driver file: pdftex.def on input line 147.
)
("C:\Program Files\MiKTeX 2.9\tex\latex\tools\array.sty"
Package: array 2014/10/28 v2.4c Tabular extension package (FMi)
\col@sep=\dimen113
\extrarowheight=\dimen114
\NC@list=\toks20
\extratabsurround=\skip44
\backup@length=\skip45
)
("C:\Program Files\MiKTeX 2.9\tex\latex\tools\theorem.sty"
Package: theorem 2014/10/28 v2.2c Theorem extension package (FMi)
\theorem@style=\toks21
\theorem@bodyfont=\toks22
\theorempreskipamount=\skip46
\theorempostskipamount=\skip47

("C:\Program Files\MiKTeX 2.9\tex\latex\tools\thp.sty"
File: thp.sty 2014/10/28 v2.2c Theorem extension package (FMi)
))
\symboperators=\mathgroup6
\symbletters=\mathgroup7
\symbsymbols=\mathgroup8
\markwidth=\dimen115
\blth=\dimen116
\marklength=\dimen117
\markdistance=\dimen118
\trimwidth=\dimen119
\trimheight=\dimen120
\auxaaa=\dimen121
\auxbbb=\dimen122
\auxccc=\dimen123
\auxddd=\dimen124
\c@nowappendix=\count92
\@bls=\dimen125
\@em=\dimen126
\tempbox=\box28
\tempdim=\dimen127
\tempdimht=\dimen128
\adim=\dimen129
\c@figure=\count93
\c@table=\count94
\adim=\dimen130
\ABSwidth=\dimen131
\clineHT=\dimen132
\clineDP=\dimen133
\labelwidthi=\dimen134
\labelwidthii=\dimen135
\labelwidthiii=\dimen136
\labelwidthiv=\dimen137
\@maxlistdepth=\count95
\c@part=\count96
\c@chapter=\count97
\c@section=\count98
\c@subsection=\count99
\c@subsubsection=\count100
\c@paragraph=\count101
\c@subparagraph=\count102
\@tempboxa=\box29
\@tempboxb=\box30
)
("C:\Program Files\MiKTeX 2.9\tex\latex\natbib\natbib.sty"
Package: natbib 2010/09/13 8.31b (PWD, AO)
\bibhang=\skip48
\bibsep=\skip49
LaTeX Info: Redefining \cite on input line 694.
\c@NAT@ctr=\count103
)
("C:\Program Files\MiKTeX 2.9\tex\latex\booktabs\booktabs.sty"
Package: booktabs 2020/01/12 v1.61803398 Publication quality tables
\heavyrulewidth=\dimen138
\lightrulewidth=\dimen139
\cmidrulewidth=\dimen140
\belowrulesep=\dimen141
\belowbottomsep=\dimen142
\aboverulesep=\dimen143
\abovetopsep=\dimen144
\cmidrulesep=\dimen145
\cmidrulekern=\dimen146
\defaultaddspace=\dimen147
\@cmidla=\count104
\@cmidlb=\count105
\@aboverulesep=\dimen148
\@belowrulesep=\dimen149
\@thisruleclass=\count106
\@lastruleclass=\count107
\@thisrulewidth=\dimen150
)
("C:\Program Files\MiKTeX 2.9\tex\latex\threeparttable\threeparttable.sty"
Package: threeparttable 2003/06/13  v 3.0
)
("C:\Program Files\MiKTeX 2.9\tex\latex\float\float.sty"
Package: float 2001/11/08 v1.3d Float enhancements (AL)
\c@float@type=\count108
\float@exts=\toks23
\float@box=\box31
\@float@everytoks=\toks24
\@floatcapt=\box32
)
("C:\Program Files\MiKTeX 2.9\tex\generic\babel\babel.sty"
Package: babel 2016/04/23 3.9r The Babel package

*************************************
* Local config file bblopts.cfg used
*
("C:\Program Files\MiKTeX 2.9\tex\latex\arabi\bblopts.cfg"
File: bblopts.cfg 2005/09/08 v0.1 add Arabic and Farsi to "declared" options of
 babel
)
("C:\Program Files\MiKTeX 2.9\tex\latex\babel-english\english.ldf"
Language: english 2012/08/20 v3.3p English support from the babel system

("C:\Program Files\MiKTeX 2.9\tex\generic\babel\babel.def"
File: babel.def 2016/04/23 3.9r Babel common definitions
\babel@savecnt=\count109
\U@D=\dimen151
)
\l@canadian = a dialect from \language\l@american 
\l@australian = a dialect from \language\l@british 
\l@newzealand = a dialect from \language\l@british 
)
("C:\Program Files\MiKTeX 2.9\tex\latex\babel-english\english.ldf"
Language: english 2012/08/20 v3.3p English support from the babel system
))
("C:\Program Files\MiKTeX 2.9\tex\latex\tools\verbatim.sty"
Package: verbatim 2014/10/28 v1.5q LaTeX2e package for verbatim enhancements
\every@verbatim=\toks25
\verbatim@line=\toks26
\verbatim@in@stream=\read1
)
\c@theorem=\count110
\c@lemma=\count111
\c@proposition=\count112
\c@corollary=\count113
\c@claim=\count114
\c@conjecture=\count115
\c@hypothesis=\count116
\c@assumption=\count117
\c@remark=\count118
\c@example=\count119
\c@problem=\count120
\c@definition=\count121
\c@question=\count122
\c@answer=\count123
\c@exercise=\count124
\c@repeattheorem=\count125
\c@repeatlemma=\count126
\c@repeatproposition=\count127
\c@repeatcorollary=\count128
\c@repeatclaim=\count129
\c@repeatconjecture=\count130
\c@repeathypothesis=\count131
\c@repeatassumption=\count132
\c@repeatremark=\count133
\c@repeatexample=\count134
\c@repeatproblem=\count135
\c@repeatdefinition=\count136
\c@repeatquestion=\count137
\c@repeatanswer=\count138
\c@repeatexercise=\count139

(Draft_June27_Nur_MS_regular.aux)
\openout1 = `Draft_June27_Nur_MS_regular.aux'.

LaTeX Font Info:    Checking defaults for OML/cmm/m/it on input line 57.
LaTeX Font Info:    ... okay on input line 57.
LaTeX Font Info:    Checking defaults for T1/cmr/m/n on input line 57.
LaTeX Font Info:    ... okay on input line 57.
LaTeX Font Info:    Checking defaults for OT1/cmr/m/n on input line 57.
LaTeX Font Info:    ... okay on input line 57.
LaTeX Font Info:    Checking defaults for OMS/cmsy/m/n on input line 57.
LaTeX Font Info:    ... okay on input line 57.
LaTeX Font Info:    Checking defaults for OMX/cmex/m/n on input line 57.
LaTeX Font Info:    ... okay on input line 57.
LaTeX Font Info:    Checking defaults for U/cmr/m/n on input line 57.
LaTeX Font Info:    ... okay on input line 57.

("C:\Program Files\MiKTeX 2.9\tex\context\base\supp-pdf.mkii"
[Loading MPS to PDF converter (version 2006.09.02).]
\scratchcounter=\count140
\scratchdimen=\dimen152
\scratchbox=\box33
\nofMPsegments=\count141
\nofMParguments=\count142
\everyMPshowfont=\toks27
\MPscratchCnt=\count143
\MPscratchDim=\dimen153
\MPnumerator=\count144
\makeMPintoPDFobject=\count145
\everyMPtoPDFconversion=\toks28
) ("C:\Program Files\MiKTeX 2.9\tex\generic\oberdiek\pdftexcmds.sty"
Package: pdftexcmds 2016/05/21 v0.22 Utility functions of pdfTeX for LuaTeX (HO
)

("C:\Program Files\MiKTeX 2.9\tex\generic\oberdiek\ifluatex.sty"
Package: ifluatex 2016/05/16 v1.4 Provides the ifluatex switch (HO)
Package ifluatex Info: LuaTeX not detected.
)
("C:\Program Files\MiKTeX 2.9\tex\generic\oberdiek\ifpdf.sty"
Package: ifpdf 2016/05/14 v3.1 Provides the ifpdf switch
)
Package pdftexcmds Info: LuaTeX not detected.
Package pdftexcmds Info: \pdf@primitive is available.
Package pdftexcmds Info: \pdf@ifprimitive is available.
Package pdftexcmds Info: \pdfdraftmode found.
)
("C:\Program Files\MiKTeX 2.9\tex\latex\oberdiek\epstopdf-base.sty"
Package: epstopdf-base 2016/05/15 v2.6 Base part for package epstopdf

("C:\Program Files\MiKTeX 2.9\tex\latex\oberdiek\grfext.sty"
Package: grfext 2016/05/16 v1.2 Manage graphics extensions (HO)

("C:\Program Files\MiKTeX 2.9\tex\generic\oberdiek\kvdefinekeys.sty"
Package: kvdefinekeys 2016/05/16 v1.4 Define keys (HO)
))
("C:\Program Files\MiKTeX 2.9\tex\latex\oberdiek\kvoptions.sty"
Package: kvoptions 2016/05/16 v3.12 Key value format for package options (HO)

("C:\Program Files\MiKTeX 2.9\tex\generic\oberdiek\kvsetkeys.sty"
Package: kvsetkeys 2016/05/16 v1.17 Key value parser (HO)

("C:\Program Files\MiKTeX 2.9\tex\generic\oberdiek\etexcmds.sty"
Package: etexcmds 2016/05/16 v1.6 Avoid name clashes with e-TeX commands (HO)
Package etexcmds Info: Could not find \expanded.
(etexcmds)             That can mean that you are not using pdfTeX 1.50 or
(etexcmds)             that some package has redefined \expanded.
(etexcmds)             In the latter case, load this package earlier.
)))
Package epstopdf-base Info: Redefining graphics rule for `.eps' on input line 4
38.
Package grfext Info: Graphics extension search list:
(grfext)             [.png,.pdf,.jpg,.mps,.jpeg,.jbig2,.jb2,.PNG,.PDF,.JPG,.JPE
G,.JBIG2,.JB2,.eps]
(grfext)             \AppendGraphicsExtensions on input line 456.
) [1

{C:/ProgramData/MiKTeX/2.9/pdftex/config/pdftex.map}] [2] [3] [4] [5] [6] [7] [
8]
<national_installers.png, id=37, 402.37828pt x 167.87718pt>
File: national_installers.png Graphic file (type png)

<use national_installers.png>
Package pdftex.def Info: national_installers.png used on input line 434.
(pdftex.def)             Requested size: 469.75499pt x 195.98772pt.
 [9]
<markets.jpg, id=42, 1089.06876pt x 452.69125pt>
File: markets.jpg Graphic file (type jpg)
 <use markets.jpg>
Package pdftex.def Info: markets.jpg used on input line 491.
(pdftex.def)             Requested size: 469.75499pt x 195.26129pt.
 [10 <./national_installers.png>] [11 <./markets.jpg>] [12] [13] (summarystats_
ind_dec17.tex) (corr_individual_jan30.tex) [14] (reg_ind_all.tex

LaTeX Warning: No positions in optional float specifier.
               Default added (so using `tbp') on input line 4.

) [15] <marginsplot_entself.png, id=68, 602.25pt x 437.635pt>
File: marginsplot_entself.png Graphic file (type png)

<use marginsplot_entself.png>
Package pdftex.def Info: marginsplot_entself.png used on input line 593.
(pdftex.def)             Requested size: 328.82706pt x 238.95709pt.

<marginsplot_entothers.png, id=69, 602.25pt x 437.635pt>
File: marginsplot_entothers.png Graphic file (type png)

<use marginsplot_entothers.png>
Package pdftex.def Info: marginsplot_entothers.png used on input line 600.
(pdftex.def)             Requested size: 328.82706pt x 238.95709pt.
 [16] [17 <./marginsplot_entself.png (PNG copy)> <./marginsplot_entothers.png (
PNG copy)>] [18] (summarystats_mkt.tex)
(corr_MKT.tex) (reg_mkt_simplified.tex

LaTeX Warning: No positions in optional float specifier.
               Default added (so using `tbp') on input line 4.

) [19] <marginsplot_entmkt.png, id=84, 602.25pt x 437.635pt>
File: marginsplot_entmkt.png Graphic file (type png)

<use marginsplot_entmkt.png>
Package pdftex.def Info: marginsplot_entmkt.png used on input line 655.
(pdftex.def)             Requested size: 328.82706pt x 238.95709pt.
 [20] [21 <./marginsplot_entmkt.png (PNG copy)>]
[22] (summarystats_text.tex) [23] [24] [25] [26] [27] [28]
(Draft_June27_Nur_MS_regular.bbl

LaTeX Font Warning: Font shape `OML/cmm/m/it' in size <6.5> not available
(Font)              size <6> substituted on input line 9.


LaTeX Font Warning: Font shape `OMS/cmsy/m/n' in size <6.5> not available
(Font)              size <6> substituted on input line 9.


LaTeX Font Warning: Font shape `OT1/cmr/bx/n' in size <6.5> not available
(Font)              size <6> substituted on input line 9.


LaTeX Font Warning: Font shape `OML/cmm/b/it' in size <6.5> not available
(Font)              size <6> substituted on input line 9.


LaTeX Font Warning: Font shape `OMS/cmsy/b/n' in size <6.5> not available
(Font)              size <6> substituted on input line 9.


Underfull \hbox (badness 4819) in paragraph at lines 13--16
[]\OT1/cmr/m/n/10 Ali F (2020) What are the top on-line mar-ket-places? $\OT1/c
mtt/m/n/10 www . digitalcommerce360 . com / article /
 []


Underfull \hbox (badness 10000) in paragraph at lines 54--57
[]\OT1/cmr/m/n/10 Boris (2018) How we de-ter-mine val-u-a-tions for mar-ket-pla
ces. $\OT1/cmtt/m/n/10 https : / / versionone . vc /
 []

[29]
Missing character: There is no â in font cmr10!
Missing character: There is no € in font cmr10!
Missing character: There is no ” in font cmr10!

Underfull \hbox (badness 5119) in paragraph at lines 127--131
[]\OT1/cmr/m/n/10 EnergySage (2019) New Re-port Finds So-lar Tar-iffs Not Help-
ing American-Made So-lar Pan-
 []


Underfull \hbox (badness 2302) in paragraph at lines 127--131
\OT1/cmr/m/n/10 els Com-pete, and Costs of So-lar Con-tin-u-ing to Fall. $\OT1/
cmtt/m/n/10 https : / / www . energysage . com / press /
 []


Underfull \hbox (badness 4713) in paragraph at lines 133--136
[]\OT1/cmr/m/n/10 Galston E (2017) Anatomy of a man-aged mar-ket-place. $\OT1/c
mtt/m/n/10 https : / / techcrunch . com / 2017 / 05 / 25 /
 []

Missing character: There is no Ã in font cmr10!
Missing character: There is no ¶ in font cmr10!

Underfull \hbox (badness 2980) in paragraph at lines 170--173
\OT1/cmtt/m/n/10 public / report / statistics / IEA-[]PVPS _ -[] _ A _ Snapshot
 _ of _ Global _ PV _ -[] _ 1992-[]2017 . pdf$\OT1/cmr/m/n/10 , Ac-cessed
 []

[30]
Underfull \hbox (badness 5359) in paragraph at lines 306--309
[][] \OT1/cmr/m/n/10 (2017) How On-line Re-views In-flu-ence Sales $\OT1/cmtt/m
/n/10 https : / / spiegel . medill .
 []


Underfull \hbox (badness 10000) in paragraph at lines 306--309
\OT1/cmtt/m/n/10 northwestern . edu / _pdf / Spiegel _ Online \ %20Review _ eBo
ok _ Jun2017 _ FINAL . pdf$\OT1/cmr/m/n/10 , Ac-cessed on
 []


Underfull \hbox (badness 1546) in paragraph at lines 311--314
[][] \OT1/cmr/m/n/10 (2019) Gazetteer files. $\OT1/cmtt/m/n/10 https : / / www 
. census . gov / geographies / reference-[]files /
 []


Underfull \hbox (badness 1342) in paragraph at lines 322--326
[][] \OT1/cmr/m/n/10 (2020b) En-ergy Power Monthly - Ta-ble 1.1.A. Net Gen-er-a
-tion from Re-new-able Sources:
 []

[31]) [32] (corr_measures_dispersion_text_and_rating.tex)
(corr_individual_textbased.tex)

LaTeX Font Warning: Command \footnotesizeIX invalid in math mode on input line 
999.


LaTeX Font Warning: Command \footnotesizeIX invalid in math mode on input line 
999.

[1

] (corr_mkt_textbased.tex) (reg_ind_withtext.tex) (reg_mkt_textbased.tex
Underfull \vbox (badness 1019) has occurred while \output is active []

 [2])
(autocorr.tex) (rob_ind_dynamicpanel.tex
Underfull \hbox (badness 10000) in paragraph at lines 6--38
[][]
 []


Underfull \vbox (badness 10000) has occurred while \output is active []

 [3])
(rob_mkt_dynamicpanel.tex [4])
Underfull \vbox (badness 10000) has occurred while \output is active []

 [5]
(rob_spline_ind.tex

LaTeX Warning: No positions in optional float specifier.
               Default added (so using `tbp') on input line 4.

) (rob_spline_mkt.tex

LaTeX Warning: No positions in optional float specifier.
               Default added (so using `tbp') on input line 4.

) (reg_ind_rob_text_mean.tex

LaTeX Warning: No positions in optional float specifier.
               Default added (so using `tbp') on input line 3.

) (reg_mkt_rob_text_mean.tex

LaTeX Warning: No positions in optional float specifier.
               Default added (so using `tbp') on input line 4.

) [6] [7] [8] [9] (Draft_June27_Nur_MS_regular.aux)

LaTeX Font Warning: Size substitutions with differences
(Font)              up to 0.5pt have occurred.

 ) 
Here is how much of TeX's memory you used:
 4793 strings out of 493333
 62605 string characters out of 3139191
 158651 words of memory out of 3000000
 8158 multiletter control sequences out of 15000+200000
 25884 words of font info for 96 fonts, out of 3000000 for 9000
 1141 hyphenation exceptions out of 8191
 40i,15n,28p,2316b,568s stack positions out of 5000i,500n,10000p,200000b,50000s
<C:/Program Files/MiKTeX 2.9/fonts/type1/public/amsfonts/cm/cmbx10.pfb><C:/Pr
ogram Files/MiKTeX 2.9/fonts/type1/public/amsfonts/cm/cmbx7.pfb><C:/Program Fil
es/MiKTeX 2.9/fonts/type1/public/amsfonts/cm/cmbxti10.pfb><C:/Program Files/MiK
TeX 2.9/fonts/type1/public/amsfonts/cm/cmex10.pfb><C:/Program Files/MiKTeX 2.9/
fonts/type1/public/amsfonts/cm/cmmi10.pfb><C:/Program Files/MiKTeX 2.9/fonts/ty
pe1/public/amsfonts/cm/cmmi7.pfb><C:/Program Files/MiKTeX 2.9/fonts/type1/publi
c/amsfonts/cm/cmr10.pfb><C:/Program Files/MiKTeX 2.9/fonts/type1/public/amsfont
s/cm/cmr7.pfb><C:/Program Files/MiKTeX 2.9/fonts/type1/public/amsfonts/cm/cmr8.
pfb><C:/Program Files/MiKTeX 2.9/fonts/type1/public/amsfonts/cm/cmr9.pfb><C:/Pr
ogram Files/MiKTeX 2.9/fonts/type1/public/amsfonts/cm/cmssbx10.pfb><C:/Program 
Files/MiKTeX 2.9/fonts/type1/public/amsfonts/cm/cmsy10.pfb><C:/Program Files/Mi
KTeX 2.9/fonts/type1/public/amsfonts/cm/cmsy7.pfb><C:/Program Files/MiKTeX 2.9/
fonts/type1/public/amsfonts/cm/cmti10.pfb><C:/Program Files/MiKTeX 2.9/fonts/ty
pe1/public/amsfonts/cm/cmti7.pfb><C:/Program Files/MiKTeX 2.9/fonts/type1/publi
c/amsfonts/cm/cmti9.pfb><C:/Program Files/MiKTeX 2.9/fonts/type1/public/amsfont
s/cm/cmtt10.pfb><C:/Program Files/MiKTeX 2.9/fonts/type1/public/amsfonts/cm/cmt
t9.pfb>
Output written on Draft_June27_Nur_MS_regular.pdf (41 pages, 609558 bytes).
PDF statistics:
 214 PDF objects out of 1000 (max. 8388607)
 0 named destinations out of 1000 (max. 500000)
 26 words of extra memory for PDF output out of 10000 (max. 10000000)

